index.c: In function ‘mm_idx_load’:
index.c:519:3: warning: ignoring return value of ‘fread’, declared with attribute warn_unused_result [-Wunused-result]
  519 |   fread(&l, 1, 1, fp);
      |   ^~~~~~~~~~~~~~~~~~~
index.c:522:4: warning: ignoring return value of ‘fread’, declared with attribute warn_unused_result [-Wunused-result]
  522 |    fread(s->name, 1, l, fp);
      |    ^~~~~~~~~~~~~~~~~~~~~~~~
index.c:525:3: warning: ignoring return value of ‘fread’, declared with attribute warn_unused_result [-Wunused-result]
  525 |   fread(&s->len, 4, 1, fp);
      |   ^~~~~~~~~~~~~~~~~~~~~~~~
index.c:535:3: warning: ignoring return value of ‘fread’, declared with attribute warn_unused_result [-Wunused-result]
  535 |   fread(&b->n, 4, 1, fp);
      |   ^~~~~~~~~~~~~~~~~~~~~~
index.c:537:3: warning: ignoring return value of ‘fread’, declared with attribute warn_unused_result [-Wunused-result]
  537 |   fread(b->p, 8, b->n, fp);
      |   ^~~~~~~~~~~~~~~~~~~~~~~~
index.c:538:3: warning: ignoring return value of ‘fread’, declared with attribute warn_unused_result [-Wunused-result]
  538 |   fread(&size, 4, 1, fp);
      |   ^~~~~~~~~~~~~~~~~~~~~~
index.c:545:4: warning: ignoring return value of ‘fread’, declared with attribute warn_unused_result [-Wunused-result]
  545 |    fread(x, 8, 2, fp);
      |    ^~~~~~~~~~~~~~~~~~
index.c:553:3: warning: ignoring return value of ‘fread’, declared with attribute warn_unused_result [-Wunused-result]
  553 |   fread(mi->S, 4, (sum_len + 7) / 8, fp);
      |   ^~~~~~~~~~~~~~~~~~~~~~~~~~~~~~~~~~~~~~
ar: `u' modifier ignored since `D' is the default (see `U')
